[282月2026 13:56:57.789] [main/INFO] [net.neoforged.fml.startup.Entrypoint/]: JVM Uptime at startup: 163ms
[282月2026 13:56:57.800] [main/INFO] [net.neoforged.fml.loading.FMLLoader/]: Starting FancyModLoader version 10.0.36 (CLIENT in DEV)
[282月2026 13:56:57.800] [main/INFO] [net.neoforged.fml.loading.FMLLoader/]: Game directory: E:\DowLoad\Just-Player-Heads-1.21.1\OneHeart\run
[282月2026 13:56:57.802] [main/DEBUG] [net.neoforged.fml.loading.FMLPaths/CORE]: Path GAMEDIR is E:\DowLoad\Just-Player-Heads-1.21.1\OneHeart\run
[282月2026 13:56:57.802] [main/DEBUG] [net.neoforged.fml.loading.FMLPaths/CORE]: Path JIJ_CACHEDIR is E:\DowLoad\Just-Player-Heads-1.21.1\OneHeart\run\.cache\jij
[282月2026 13:56:57.802] [main/DEBUG] [net.neoforged.fml.loading.FMLPaths/CORE]: Path MODSDIR is E:\DowLoad\Just-Player-Heads-1.21.1\OneHeart\run\mods
[282月2026 13:56:57.804] [main/DEBUG] [net.neoforged.fml.loading.FMLPaths/CORE]: Path CONFIGDIR is E:\DowLoad\Just-Player-Heads-1.21.1\OneHeart\run\config
[282月2026 13:56:57.804] [main/DEBUG] [net.neoforged.fml.loading.FMLPaths/CORE]: Path FMLCONFIG is E:\DowLoad\Just-Player-Heads-1.21.1\OneHeart\run\config\fml.toml
[282月2026 13:56:57.859] [ForkJoinPool.commonPool-worker-1/DEBUG] [net.neoforged.fml.loading.EarlyServiceDiscovery/]: C:\Users\24292\.gradle\caches\modules-2\files-2.1\net.neoforged.fancymodloader\loader\10.0.36\f72ab4d3e755fe736829883d90430a281527aca\loader-10.0.36.jar contains early service net.neoforged.neoforgespi.locating.IModFileReader
[282月2026 13:56:57.862] [ForkJoinPool.commonPool-worker-15/DEBUG] [net.neoforged.fml.loading.EarlyServiceDiscovery/]: C:\Users\24292\.gradle\caches\modules-2\files-2.1\net.neoforged.fancymodloader\earlydisplay\10.0.36\dbd0e11d545443f602addede111c39d9639708f9\earlydisplay-10.0.36.jar contains early service net.neoforged.neoforgespi.earlywindow.ImmediateWindowProvider
[282月2026 13:56:57.874] [ForkJoinPool.commonPool-worker-1/DEBUG] [net.neoforged.fml.loading.moddiscovery.ModFile/LOADING]: Loading mod file C:\Users\24292\.gradle\caches\modules-2\files-2.1\net.neoforged.fancymodloader\loader\10.0.36\f72ab4d3e755fe736829883d90430a281527aca\loader-10.0.36.jar with languages []
[282月2026 13:56:57.874] [ForkJoinPool.commonPool-worker-15/DEBUG] [net.neoforged.fml.loading.moddiscovery.ModFile/LOADING]: Loading mod file C:\Users\24292\.gradle\caches\modules-2\files-2.1\net.neoforged.fancymodloader\earlydisplay\10.0.36\dbd0e11d545443f602addede111c39d9639708f9\earlydisplay-10.0.36.jar with languages []
[282月2026 13:56:57.876] [main/INFO] [net.neoforged.fml.loading.EarlyServiceDiscovery/]: Found 2 early service jars (out of 104) in 28ms
[282月2026 13:56:57.877] [main/INFO] [net.neoforged.fml.loading.FMLLoader/]: Loading FML Early Services:
[282月2026 13:56:57.878] [main/INFO] [net.neoforged.fml.loading.FMLLoader/]:  - C:/Users/24292/.gradle/caches/modules-2/files-2.1/net.neoforged.fancymodloader/loader/10.0.36/f72ab4d3e755fe736829883d90430a281527aca/loader-10.0.36.jar
[282月2026 13:56:57.881] [main/INFO] [net.neoforged.fml.loading.FMLLoader/]:  - C:/Users/24292/.gradle/caches/modules-2/files-2.1/net.neoforged.fancymodloader/earlydisplay/10.0.36/dbd0e11d545443f602addede111c39d9639708f9/earlydisplay-10.0.36.jar
[282月2026 13:56:57.886] [main/DEBUG] [net.neoforged.fml.util.ServiceLoaderUtil/CORE]: Found 0 implementations of GraphicsBootstrapper:
[282月2026 13:56:57.886] [main/INFO] [net.neoforged.fml.loading.ImmediateWindowHandler/]: Loading ImmediateWindowProvider fmlearlywindow
[282月2026 13:56:57.893] [main/DEBUG] [net.neoforged.fml.util.ServiceLoaderUtil/CORE]: Found 1 implementations of ImmediateWindowProvider:
[282月2026 13:56:57.895] [main/DEBUG] [net.neoforged.fml.util.ServiceLoaderUtil/CORE]: 	net.neoforged.fml.earlydisplay.DisplayWindow from C:/Users/24292/.gradle/caches/modules-2/files-2.1/net.neoforged.fancymodloader/earlydisplay/10.0.36/dbd0e11d545443f602addede111c39d9639708f9/earlydisplay-10.0.36.jar
[282月2026 13:56:57.944] [main/DEBUG] [net.neoforged.fml.earlydisplay.theme.ThemeLoader/]: Loading built-in theme default
[282月2026 13:56:58.649] [ForkJoinPool.commonPool-worker-4/DEBUG] [net.neoforged.fml.util.ServiceLoaderUtil/CORE]: Found 4 implementations of IModFileCandidateLocator:
[282月2026 13:56:58.650] [ForkJoinPool.commonPool-worker-4/DEBUG] [net.neoforged.fml.util.ServiceLoaderUtil/CORE]: 	    1000 - [built-in] net.neoforged.fml.loading.moddiscovery.locators.GameLocator from C:/Users/24292/.gradle/caches/modules-2/files-2.1/net.neoforged.fancymodloader/loader/10.0.36/f72ab4d3e755fe736829883d90430a281527aca/loader-10.0.36.jar
[282月2026 13:56:58.651] [ForkJoinPool.commonPool-worker-4/DEBUG] [net.neoforged.fml.util.ServiceLoaderUtil/CORE]: 	    1000 - [built-in] net.neoforged.fml.loading.moddiscovery.locators.InDevFolderLocator from C:/Users/24292/.gradle/caches/modules-2/files-2.1/net.neoforged.fancymodloader/loader/10.0.36/f72ab4d3e755fe736829883d90430a281527aca/loader-10.0.36.jar
[282月2026 13:56:58.651] [ForkJoinPool.commonPool-worker-4/DEBUG] [net.neoforged.fml.util.ServiceLoaderUtil/CORE]: 	    1000 - [built-in] net.neoforged.fml.loading.moddiscovery.locators.InDevJarLocator from C:/Users/24292/.gradle/caches/modules-2/files-2.1/net.neoforged.fancymodloader/loader/10.0.36/f72ab4d3e755fe736829883d90430a281527aca/loader-10.0.36.jar
[282月2026 13:56:58.652] [ForkJoinPool.commonPool-worker-4/DEBUG] [net.neoforged.fml.util.ServiceLoaderUtil/CORE]: 	       0 - [built-in] net.neoforged.fml.loading.moddiscovery.locators.ModsFolderLocator from C:/Users/24292/.gradle/caches/modules-2/files-2.1/net.neoforged.fancymodloader/loader/10.0.36/f72ab4d3e755fe736829883d90430a281527aca/loader-10.0.36.jar
[282月2026 13:56:58.654] [ForkJoinPool.commonPool-worker-4/DEBUG] [net.neoforged.fml.util.ServiceLoaderUtil/CORE]: Found 2 implementations of IModFileReader:
[282月2026 13:56:58.654] [ForkJoinPool.commonPool-worker-4/DEBUG] [net.neoforged.fml.util.ServiceLoaderUtil/CORE]: 	       0 - net.neoforged.fml.loading.moddiscovery.readers.JarModsDotTomlModFileReader from C:/Users/24292/.gradle/caches/modules-2/files-2.1/net.neoforged.fancymodloader/loader/10.0.36/f72ab4d3e755fe736829883d90430a281527aca/loader-10.0.36.jar
[282月2026 13:56:58.654] [ForkJoinPool.commonPool-worker-4/DEBUG] [net.neoforged.fml.util.ServiceLoaderUtil/CORE]: 	   -1000 - net.neoforged.fml.loading.moddiscovery.readers.NestedLibraryModReader from C:/Users/24292/.gradle/caches/modules-2/files-2.1/net.neoforged.fancymodloader/loader/10.0.36/f72ab4d3e755fe736829883d90430a281527aca/loader-10.0.36.jar
[282月2026 13:56:58.657] [ForkJoinPool.commonPool-worker-4/DEBUG] [net.neoforged.fml.util.ServiceLoaderUtil/CORE]: Found 1 implementations of IDependencyLocator:
[282月2026 13:56:58.658] [ForkJoinPool.commonPool-worker-4/DEBUG] [net.neoforged.fml.util.ServiceLoaderUtil/CORE]: 	       0 - net.neoforged.fml.loading.moddiscovery.locators.JarInJarDependencyLocator from C:/Users/24292/.gradle/caches/modules-2/files-2.1/net.neoforged.fancymodloader/loader/10.0.36/f72ab4d3e755fe736829883d90430a281527aca/loader-10.0.36.jar
[282月2026 13:56:58.702] [ForkJoinPool.commonPool-worker-4/DEBUG] [net.neoforged.fml.loading.moddiscovery.locators.RequiredSystemFiles/]: Found NeoForge MANIFEST.MF in jar(E:/DowLoad/Just-Player-Heads-1.21.1/OneHeart/build/moddev/artifacts/neoforge-21.11.38-beta.jar)
[282月2026 13:56:58.706] [ForkJoinPool.commonPool-worker-4/INFO] [net.neoforged.fml.loading.moddiscovery.locators.GameLocator/]: Detected a joined NeoForge and Minecraft configuration. Applying filtering...
[282月2026 13:56:58.869] [ForkJoinPool.commonPool-worker-4/DEBUG] [net.neoforged.fml.loading.moddiscovery.ModFileInfo/LOADING]: Found valid mod file neoforge-21.11.38-beta-client-extra-aka-minecraft-resources.jar with {minecraft} mods - versions {1.21.11}
[282月2026 13:56:58.872] [ForkJoinPool.commonPool-worker-4/DEBUG] [net.neoforged.fml.loading.moddiscovery.ModFile/LOADING]: Loading mod file E:\DowLoad\Just-Player-Heads-1.21.1\OneHeart\build\moddev\artifacts\neoforge-21.11.38-beta-client-extra-aka-minecraft-resources.jar with languages [LanguageSpec[languageName=minecraft, acceptedVersions=1]]
[282月2026 13:56:58.873] [ForkJoinPool.commonPool-worker-4/DEBUG] [net.neoforged.fml.loading.moddiscovery.ModFileParser/LOADING]: Considering mod file candidate E:\DowLoad\Just-Player-Heads-1.21.1\OneHeart\build\moddev\artifacts\neoforge-21.11.38-beta.jar
[282月2026 13:56:58.877] [ForkJoinPool.commonPool-worker-4/DEBUG] [net.neoforged.fml.loading.moddiscovery.ModFileInfo/LOADING]: Found valid mod file neoforge-21.11.38-beta.jar with {neoforge} mods - versions {21.11.38-beta}
[282月2026 13:56:58.877] [ForkJoinPool.commonPool-worker-4/DEBUG] [net.neoforged.fml.loading.moddiscovery.ModFile/LOADING]: Loading mod file E:\DowLoad\Just-Player-Heads-1.21.1\OneHeart\build\moddev\artifacts\neoforge-21.11.38-beta.jar with languages [LanguageSpec[languageName=javafml, acceptedVersions=[3,]]]
[282月2026 13:56:58.883] [ForkJoinPool.commonPool-worker-4/DEBUG] [net.neoforged.fml.loading.moddiscovery.ModFile/LOADING]: Found mixin config MixinConfig[config=neoforge.mixins.json, requiredMods=[], behaviorVersion=null]
[282月2026 13:56:58.886] [ForkJoinPool.commonPool-worker-4/INFO] [net.neoforged.fml.loading.moddiscovery.locators.InDevFolderLocator/CORE]: Got mod coordinates oneheart%%E:\\DowLoad\\Just-Player-Heads-1.21.1\\OneHeart\\build\\classes\\java\\main;oneheart%%E:\\DowLoad\\Just-Player-Heads-1.21.1\\OneHeart\\build\\resources\\main from env
[282月2026 13:56:58.891] [ForkJoinPool.commonPool-worker-4/DEBUG] [net.neoforged.fml.loading.moddiscovery.ModFileParser/LOADING]: Considering mod file candidate E:\DowLoad\Just-Player-Heads-1.21.1\OneHeart\build\classes\java\main
[282月2026 13:56:58.896] [ForkJoinPool.commonPool-worker-4/DEBUG] [net.neoforged.fml.loading.moddiscovery.ModFileInfo/LOADING]: Found valid mod file main with {ore_features} mods - versions {1.0.0}
[282月2026 13:56:58.896] [ForkJoinPool.commonPool-worker-4/DEBUG] [net.neoforged.fml.loading.moddiscovery.ModFile/LOADING]: Loading mod file E:\DowLoad\Just-Player-Heads-1.21.1\OneHeart\build\classes\java\main with languages [LanguageSpec[languageName=javafml, acceptedVersions=${loader_version_range}]]
[282月2026 13:56:58.896] [ForkJoinPool.commonPool-worker-4/DEBUG] [net.neoforged.fml.loading.moddiscovery.ModFile/LOADING]: Found mixin config MixinConfig[config=mixins.oneheart.json, requiredMods=[], behaviorVersion=null]
[282月2026 13:56:58.899] [ForkJoinPool.commonPool-worker-4/DEBUG] [net.neoforged.fml.loading.moddiscovery.ModDiscoverer/]: Skipping E:\DowLoad\Just-Player-Heads-1.21.1\OneHeart\build\moddev\artifacts\neoforge-21.11.38-beta.jar because it was already located earlier
[282月2026 13:56:58.979] [fml-loadingscreen/INFO] [net.neoforged.fml.earlydisplay.render.LoadingScreenRenderer/]: GL info: NVIDIA GeForce RTX 5060 Laptop GPU/PCIe/SSE2 GL version 3.3.0 NVIDIA 591.86, NVIDIA Corporation
[282月2026 13:56:59.022] [ForkJoinPool.commonPool-worker-4/DEBUG] [net.neoforged.fml.loading.moddiscovery.ModFile/LOADING]: Loading mod file E:\DowLoad\Just-Player-Heads-1.21.1\OneHeart\run\.cache\jij\9c617719248f8b89847348fc7ea5e705739c147ae5e172551264d225bc9f2507\mixinextras-neoforge-0.5.0.jar with languages []
[282月2026 13:56:59.025] [ForkJoinPool.commonPool-worker-4/DEBUG] [net.neoforged.fml.loading.moddiscovery.ModFile/LOADING]: Loading mod file E:\DowLoad\Just-Player-Heads-1.21.1\OneHeart\run\.cache\jij\54bb3c61f37ced77ba30dc02ca5b2f71ced259612101a8b1325855cff9d9755c\net.neoforged.neoforge-coremods-21.11.38-beta.jar with languages []
[282月2026 13:56:59.084] [ForkJoinPool.commonPool-worker-4/INFO] [net.neoforged.fml.loading.moddiscovery.locators.JarInJarDependencyLocator/]: Found 2 dependencies adding them to mods collection
[282月2026 13:56:59.086] [ForkJoinPool.commonPool-worker-4/INFO] [net.neoforged.fml.loading.moddiscovery.ModDiscoverer/]: 
     Mod List:
		Name Version (Mod Id)

		Minecraft 1.21.11 (minecraft)
		NeoForge 21.11.38-beta (neoforge)
		ServerS 1.0.0 (ore_features)
[282月2026 13:56:59.091] [ForkJoinPool.commonPool-worker-4/DEBUG] [net.neoforged.fml.loading.ModSorter/]: Configured system mods: [minecraft, neoforge]
[282月2026 13:56:59.092] [ForkJoinPool.commonPool-worker-4/DEBUG] [net.neoforged.fml.loading.ModSorter/]: Found system mod: minecraft
[282月2026 13:56:59.092] [ForkJoinPool.commonPool-worker-4/DEBUG] [net.neoforged.fml.loading.ModSorter/]: Found system mod: neoforge
[282月2026 13:56:59.096] [ForkJoinPool.commonPool-worker-4/DEBUG] [net.neoforged.fml.loading.ModSorter/LOADING]: Found 0 mod requirements (0 mandatory, 0 optional)
[282月2026 13:56:59.096] [ForkJoinPool.commonPool-worker-4/DEBUG] [net.neoforged.fml.loading.ModSorter/LOADING]: Found 0 mod requirements missing (0 mandatory, 0 optional)
[282月2026 13:56:59.438] [main/INFO] [mixin/]: SpongePowered MIXIN Subsystem Version=0.8.7 Source=file:/C:/Users/24292/.gradle/caches/modules-2/files-2.1/net.fabricmc/sponge-mixin/0.16.5+mixin.0.8.7/80fc3a9f592673cea87f4cd702f87991c6c9fe4d/sponge-mixin-0.16.5+mixin.0.8.7.jar Service=FML Env=CLIENT
[282月2026 13:56:59.506] [main/DEBUG] [mixin/]: Initialising Mixin Platform Manager
[282月2026 13:56:59.506] [main/DEBUG] [mixin/]: Adding mixin platform agents for container ContainerHandleVirtual(fml:18c85)
[282月2026 13:56:59.512] [main/DEBUG] [mixin/]: Instancing new MixinPlatformAgentDefault for ContainerHandleVirtual(fml:18c85)
[282月2026 13:56:59.514] [main/DEBUG] [mixin/]: MixinPlatformAgentDefault accepted container ContainerHandleVirtual(fml:18c85)
[282月2026 13:56:59.514] [main/DEBUG] [mixin/]: Instancing new MixinPlatformAgentDefault for ContainerHandleVirtual(fml:18c85)
[282月2026 13:56:59.514] [main/DEBUG] [mixin/]: MixinPlatformAgentDefault accepted container ContainerHandleVirtual(fml:18c85)
[282月2026 13:56:59.517] [main/DEBUG] [mixin/]: Processing prepare() for PlatformAgent[MixinPlatformAgentDefault:ContainerHandleVirtual(fml:18c85)]
[282月2026 13:56:59.517] [main/DEBUG] [mixin/]: Processing prepare() for PlatformAgent[MixinPlatformAgentDefault:ContainerHandleVirtual(fml:18c85)]
[282月2026 13:56:59.521] [main/INFO] [net.neoforged.fml.loading.FMLLoader/]: Loading FML Plugins:
[282月2026 13:56:59.522] [main/INFO] [net.neoforged.fml.loading.FMLLoader/]:  - E:/DowLoad/Just-Player-Heads-1.21.1/OneHeart/build/moddev/artifacts/neoforge-21.11.38-beta.jar > net.neoforged.neoforge-coremods-21.11.38-beta.jar
[282月2026 13:56:59.535] [main/DEBUG] [net.neoforged.fml.util.ServiceLoaderUtil/CORE]: Found 2 implementations of IModLanguageLoader:
[282月2026 13:56:59.536] [main/DEBUG] [net.neoforged.fml.util.ServiceLoaderUtil/CORE]: 	net.neoforged.fml.javafmlmod.FMLJavaModLanguageProvider from C:/Users/24292/.gradle/caches/modules-2/files-2.1/net.neoforged.fancymodloader/loader/10.0.36/f72ab4d3e755fe736829883d90430a281527aca/loader-10.0.36.jar
[282月2026 13:56:59.536] [main/DEBUG] [net.neoforged.fml.util.ServiceLoaderUtil/CORE]: 	net.neoforged.fml.mclanguageprovider.MinecraftModLanguageProvider from C:/Users/24292/.gradle/caches/modules-2/files-2.1/net.neoforged.fancymodloader/loader/10.0.36/f72ab4d3e755fe736829883d90430a281527aca/loader-10.0.36.jar
[282月2026 13:56:59.539] [main/DEBUG] [net.neoforged.fml.loading.LanguageProviderLoader/CORE]: Found language provider javafml, version 10.0
[282月2026 13:56:59.541] [main/DEBUG] [net.neoforged.fml.loading.LanguageProviderLoader/CORE]: Found language provider minecraft, version 10.0
[282月2026 13:56:59.554] [main/DEBUG] [net.neoforged.fml.loading.FMLLoader/]: Adding Access Transformer META-INF/accesstransformer.cfg in composite(filtered(jar(E:/DowLoad/Just-Player-Heads-1.21.1/OneHeart/build/moddev/artifacts/neoforge-21.11.38-beta.jar)))
[282月2026 13:56:59.607] [main/DEBUG] [net.neoforged.fml.loading.FMLLoader/]: Adding Access Transformer META-INF/accesstransformergenerated.cfg in composite(filtered(jar(E:/DowLoad/Just-Player-Heads-1.21.1/OneHeart/build/moddev/artifacts/neoforge-21.11.38-beta.jar)))
[282月2026 13:56:59.631] [main/DEBUG] [net.neoforged.fml.util.ServiceLoaderUtil/CORE]: Found 5 implementations of ClassProcessor:
[282月2026 13:56:59.632] [main/DEBUG] [net.neoforged.fml.util.ServiceLoaderUtil/CORE]: 	[built-in] net.neoforged.fml.common.asm.AccessTransformerService from C:/Users/24292/.gradle/caches/modules-2/files-2.1/net.neoforged.fancymodloader/loader/10.0.36/f72ab4d3e755fe736829883d90430a281527aca/loader-10.0.36.jar
[282月2026 13:56:59.632] [main/DEBUG] [net.neoforged.fml.util.ServiceLoaderUtil/CORE]: 	[built-in] net.neoforged.fml.common.asm.enumextension.RuntimeEnumExtender from C:/Users/24292/.gradle/caches/modules-2/files-2.1/net.neoforged.fancymodloader/loader/10.0.36/f72ab4d3e755fe736829883d90430a281527aca/loader-10.0.36.jar
[282月2026 13:56:59.633] [main/DEBUG] [net.neoforged.fml.util.ServiceLoaderUtil/CORE]: 	[built-in] net.neoforged.fml.common.asm.SimpleProcessorsGroup from C:/Users/24292/.gradle/caches/modules-2/files-2.1/net.neoforged.fancymodloader/loader/10.0.36/f72ab4d3e755fe736829883d90430a281527aca/loader-10.0.36.jar
[282月2026 13:56:59.633] [main/DEBUG] [net.neoforged.fml.util.ServiceLoaderUtil/CORE]: 	[built-in] net.neoforged.fml.loading.moddiscovery.locators.NeoForgeDevDistCleaner from C:/Users/24292/.gradle/caches/modules-2/files-2.1/net.neoforged.fancymodloader/loader/10.0.36/f72ab4d3e755fe736829883d90430a281527aca/loader-10.0.36.jar
[282月2026 13:56:59.633] [main/DEBUG] [net.neoforged.fml.util.ServiceLoaderUtil/CORE]: 	[built-in] net.neoforged.fml.loading.mixin.FMLMixinClassProcessor from C:/Users/24292/.gradle/caches/modules-2/files-2.1/net.neoforged.fancymodloader/loader/10.0.36/f72ab4d3e755fe736829883d90430a281527aca/loader-10.0.36.jar
[282月2026 13:56:59.637] [main/DEBUG] [net.neoforged.fml.util.ServiceLoaderUtil/CORE]: Found 1 implementations of ClassProcessorProvider:
[282月2026 13:56:59.637] [main/DEBUG] [net.neoforged.fml.util.ServiceLoaderUtil/CORE]: 	net.neoforged.neoforge.coremods.NeoForgeCoreMod from E:/DowLoad/Just-Player-Heads-1.21.1/OneHeart/build/moddev/artifacts/neoforge-21.11.38-beta.jar > net.neoforged.neoforge-coremods-21.11.38-beta.jar
[282月2026 13:56:59.703] [main/DEBUG] [net.neoforged.fml.loading.FMLLoader/]: Masking classpath elements: [E:/DowLoad/Just-Player-Heads-1.21.1/OneHeart/build/moddev/artifacts/neoforge-21.11.38-beta.jar, E:/DowLoad/Just-Player-Heads-1.21.1/OneHeart/build/moddev/artifacts/neoforge-21.11.38-beta-client-extra-aka-minecraft-resources.jar, E:/DowLoad/Just-Player-Heads-1.21.1/OneHeart/build/classes/java/main, E:/DowLoad/Just-Player-Heads-1.21.1/OneHeart/build/resources/main]
[282月2026 13:56:59.722] [main/INFO] [net.neoforged.fml.loading.FMLLoader/]: Building game content classloader:
 - minecraft (composite(jar(E:/DowLoad/Just-Player-Heads-1.21.1/OneHeart/build/moddev/artifacts/neoforge-21.11.38-beta-client-extra-aka-minecraft-resources.jar), filtered(jar(E:/DowLoad/Just-Player-Heads-1.21.1/OneHeart/build/moddev/artifacts/neoforge-21.11.38-beta.jar))))
 - mixinextras.neoforge (jar(E:/DowLoad/Just-Player-Heads-1.21.1/OneHeart/build/moddev/artifacts/neoforge-21.11.38-beta.jar > mixinextras-neoforge-0.5.0.jar))
 - neoforge (composite(filtered(jar(E:/DowLoad/Just-Player-Heads-1.21.1/OneHeart/build/moddev/artifacts/neoforge-21.11.38-beta.jar))))
 - net.neoforged.fml.generated (empty(VirtualJar/net.neoforged.fml.generated))
 - ore_features (composite(folder(E:/DowLoad/Just-Player-Heads-1.21.1/OneHeart/build/classes/java/main), folder(E:/DowLoad/Just-Player-Heads-1.21.1/OneHeart/build/resources/main)))
[282月2026 13:56:59.744] [main/INFO] [net.neoforged.fml.loading.FMLLoader/]: Built game content classloader in 40ms
[282月2026 13:56:59.860] [main/DEBUG] [mixin/]: Processing launch tasks for PlatformAgent[MixinPlatformAgentDefault:ContainerHandleVirtual(fml:18c85)]
[282月2026 13:56:59.860] [main/DEBUG] [mixin/]: Processing launch tasks for PlatformAgent[MixinPlatformAgentDefault:ContainerHandleVirtual(fml:18c85)]
[282月2026 13:56:59.860] [main/DEBUG] [mixin/]: Adding agents for Mixin Container composite(filtered(jar(E:/DowLoad/Just-Player-Heads-1.21.1/OneHeart/build/moddev/artifacts/neoforge-21.11.38-beta.jar))) > jar(E:/DowLoad/Just-Player-Heads-1.21.1/OneHeart/build/moddev/artifacts/neoforge-21.11.38-beta.jar > net.neoforged.neoforge-coremods-21.11.38-beta.jar)
[282月2026 13:56:59.860] [main/DEBUG] [mixin/]: Adding mixin platform agents for container composite(filtered(jar(E:/DowLoad/Just-Player-Heads-1.21.1/OneHeart/build/moddev/artifacts/neoforge-21.11.38-beta.jar))) > jar(E:/DowLoad/Just-Player-Heads-1.21.1/OneHeart/build/moddev/artifacts/neoforge-21.11.38-beta.jar > net.neoforged.neoforge-coremods-21.11.38-beta.jar)
[282月2026 13:56:59.861] [main/DEBUG] [mixin/]: Instancing new MixinPlatformAgentDefault for composite(filtered(jar(E:/DowLoad/Just-Player-Heads-1.21.1/OneHeart/build/moddev/artifacts/neoforge-21.11.38-beta.jar))) > jar(E:/DowLoad/Just-Player-Heads-1.21.1/OneHeart/build/moddev/artifacts/neoforge-21.11.38-beta.jar > net.neoforged.neoforge-coremods-21.11.38-beta.jar)
[282月2026 13:56:59.861] [main/DEBUG] [mixin/]: MixinPlatformAgentDefault accepted container composite(filtered(jar(E:/DowLoad/Just-Player-Heads-1.21.1/OneHeart/build/moddev/artifacts/neoforge-21.11.38-beta.jar))) > jar(E:/DowLoad/Just-Player-Heads-1.21.1/OneHeart/build/moddev/artifacts/neoforge-21.11.38-beta.jar > net.neoforged.neoforge-coremods-21.11.38-beta.jar)
[282月2026 13:56:59.861] [main/DEBUG] [mixin/]: Instancing new MixinPlatformAgentDefault for composite(filtered(jar(E:/DowLoad/Just-Player-Heads-1.21.1/OneHeart/build/moddev/artifacts/neoforge-21.11.38-beta.jar))) > jar(E:/DowLoad/Just-Player-Heads-1.21.1/OneHeart/build/moddev/artifacts/neoforge-21.11.38-beta.jar > net.neoforged.neoforge-coremods-21.11.38-beta.jar)
[282月2026 13:56:59.861] [main/DEBUG] [mixin/]: MixinPlatformAgentDefault accepted container composite(filtered(jar(E:/DowLoad/Just-Player-Heads-1.21.1/OneHeart/build/moddev/artifacts/neoforge-21.11.38-beta.jar))) > jar(E:/DowLoad/Just-Player-Heads-1.21.1/OneHeart/build/moddev/artifacts/neoforge-21.11.38-beta.jar > net.neoforged.neoforge-coremods-21.11.38-beta.jar)
[282月2026 13:56:59.861] [main/DEBUG] [mixin/]: Processing prepare() for PlatformAgent[MixinPlatformAgentDefault:composite(filtered(jar(E:/DowLoad/Just-Player-Heads-1.21.1/OneHeart/build/moddev/artifacts/neoforge-21.11.38-beta.jar))) > jar(E:/DowLoad/Just-Player-Heads-1.21.1/OneHeart/build/moddev/artifacts/neoforge-21.11.38-beta.jar > net.neoforged.neoforge-coremods-21.11.38-beta.jar)]
[282月2026 13:56:59.862] [main/DEBUG] [mixin/]: Processing prepare() for PlatformAgent[MixinPlatformAgentDefault:composite(filtered(jar(E:/DowLoad/Just-Player-Heads-1.21.1/OneHeart/build/moddev/artifacts/neoforge-21.11.38-beta.jar))) > jar(E:/DowLoad/Just-Player-Heads-1.21.1/OneHeart/build/moddev/artifacts/neoforge-21.11.38-beta.jar > net.neoforged.neoforge-coremods-21.11.38-beta.jar)]
[282月2026 13:56:59.862] [main/DEBUG] [mixin/]: Adding agents for Mixin Container composite(filtered(jar(E:/DowLoad/Just-Player-Heads-1.21.1/OneHeart/build/moddev/artifacts/neoforge-21.11.38-beta.jar))) > jar(E:/DowLoad/Just-Player-Heads-1.21.1/OneHeart/build/moddev/artifacts/neoforge-21.11.38-beta.jar > mixinextras-neoforge-0.5.0.jar)
[282月2026 13:56:59.862] [main/DEBUG] [mixin/]: Adding mixin platform agents for container composite(filtered(jar(E:/DowLoad/Just-Player-Heads-1.21.1/OneHeart/build/moddev/artifacts/neoforge-21.11.38-beta.jar))) > jar(E:/DowLoad/Just-Player-Heads-1.21.1/OneHeart/build/moddev/artifacts/neoforge-21.11.38-beta.jar > mixinextras-neoforge-0.5.0.jar)
[282月2026 13:56:59.862] [main/DEBUG] [mixin/]: Instancing new MixinPlatformAgentDefault for composite(filtered(jar(E:/DowLoad/Just-Player-Heads-1.21.1/OneHeart/build/moddev/artifacts/neoforge-21.11.38-beta.jar))) > jar(E:/DowLoad/Just-Player-Heads-1.21.1/OneHeart/build/moddev/artifacts/neoforge-21.11.38-beta.jar > mixinextras-neoforge-0.5.0.jar)
[282月2026 13:56:59.862] [main/DEBUG] [mixin/]: MixinPlatformAgentDefault accepted container composite(filtered(jar(E:/DowLoad/Just-Player-Heads-1.21.1/OneHeart/build/moddev/artifacts/neoforge-21.11.38-beta.jar))) > jar(E:/DowLoad/Just-Player-Heads-1.21.1/OneHeart/build/moddev/artifacts/neoforge-21.11.38-beta.jar > mixinextras-neoforge-0.5.0.jar)
[282月2026 13:56:59.862] [main/DEBUG] [mixin/]: Instancing new MixinPlatformAgentDefault for composite(filtered(jar(E:/DowLoad/Just-Player-Heads-1.21.1/OneHeart/build/moddev/artifacts/neoforge-21.11.38-beta.jar))) > jar(E:/DowLoad/Just-Player-Heads-1.21.1/OneHeart/build/moddev/artifacts/neoforge-21.11.38-beta.jar > mixinextras-neoforge-0.5.0.jar)
[282月2026 13:56:59.862] [main/DEBUG] [mixin/]: MixinPlatformAgentDefault accepted container composite(filtered(jar(E:/DowLoad/Just-Player-Heads-1.21.1/OneHeart/build/moddev/artifacts/neoforge-21.11.38-beta.jar))) > jar(E:/DowLoad/Just-Player-Heads-1.21.1/OneHeart/build/moddev/artifacts/neoforge-21.11.38-beta.jar > mixinextras-neoforge-0.5.0.jar)
[282月2026 13:56:59.862] [main/DEBUG] [mixin/]: Processing prepare() for PlatformAgent[MixinPlatformAgentDefault:composite(filtered(jar(E:/DowLoad/Just-Player-Heads-1.21.1/OneHeart/build/moddev/artifacts/neoforge-21.11.38-beta.jar))) > jar(E:/DowLoad/Just-Player-Heads-1.21.1/OneHeart/build/moddev/artifacts/neoforge-21.11.38-beta.jar > mixinextras-neoforge-0.5.0.jar)]
[282月2026 13:56:59.863] [main/DEBUG] [mixin/]: Registering mixin config: mixinextras.init.mixins.json source=composite(filtered(jar(E:/DowLoad/Just-Player-Heads-1.21.1/OneHeart/build/moddev/artifacts/neoforge-21.11.38-beta.jar))) > jar(E:/DowLoad/Just-Player-Heads-1.21.1/OneHeart/build/moddev/artifacts/neoforge-21.11.38-beta.jar > mixinextras-neoforge-0.5.0.jar)
[282月2026 13:56:59.866] [main/DEBUG] [mixin/]: Processing prepare() for PlatformAgent[MixinPlatformAgentDefault:composite(filtered(jar(E:/DowLoad/Just-Player-Heads-1.21.1/OneHeart/build/moddev/artifacts/neoforge-21.11.38-beta.jar))) > jar(E:/DowLoad/Just-Player-Heads-1.21.1/OneHeart/build/moddev/artifacts/neoforge-21.11.38-beta.jar > mixinextras-neoforge-0.5.0.jar)]
[282月2026 13:56:59.866] [main/DEBUG] [mixin/]: Registering mixin config: mixinextras.init.mixins.json source=composite(filtered(jar(E:/DowLoad/Just-Player-Heads-1.21.1/OneHeart/build/moddev/artifacts/neoforge-21.11.38-beta.jar))) > jar(E:/DowLoad/Just-Player-Heads-1.21.1/OneHeart/build/moddev/artifacts/neoforge-21.11.38-beta.jar > mixinextras-neoforge-0.5.0.jar)
[282月2026 13:56:59.867] [main/DEBUG] [mixin/]: inject() running with 3 agents
[282月2026 13:56:59.867] [main/DEBUG] [mixin/]: Processing inject() for PlatformAgent[MixinPlatformAgentDefault:ContainerHandleVirtual(fml:18c85)]
[282月2026 13:56:59.867] [main/DEBUG] [mixin/]: Processing inject() for PlatformAgent[MixinPlatformAgentDefault:ContainerHandleVirtual(fml:18c85)]
[282月2026 13:56:59.867] [main/DEBUG] [mixin/]: Processing inject() for PlatformAgent[MixinPlatformAgentDefault:composite(filtered(jar(E:/DowLoad/Just-Player-Heads-1.21.1/OneHeart/build/moddev/artifacts/neoforge-21.11.38-beta.jar))) > jar(E:/DowLoad/Just-Player-Heads-1.21.1/OneHeart/build/moddev/artifacts/neoforge-21.11.38-beta.jar > net.neoforged.neoforge-coremods-21.11.38-beta.jar)]
[282月2026 13:56:59.867] [main/DEBUG] [mixin/]: Processing inject() for PlatformAgent[MixinPlatformAgentDefault:composite(filtered(jar(E:/DowLoad/Just-Player-Heads-1.21.1/OneHeart/build/moddev/artifacts/neoforge-21.11.38-beta.jar))) > jar(E:/DowLoad/Just-Player-Heads-1.21.1/OneHeart/build/moddev/artifacts/neoforge-21.11.38-beta.jar > net.neoforged.neoforge-coremods-21.11.38-beta.jar)]
[282月2026 13:56:59.868] [main/DEBUG] [mixin/]: Processing inject() for PlatformAgent[MixinPlatformAgentDefault:composite(filtered(jar(E:/DowLoad/Just-Player-Heads-1.21.1/OneHeart/build/moddev/artifacts/neoforge-21.11.38-beta.jar))) > jar(E:/DowLoad/Just-Player-Heads-1.21.1/OneHeart/build/moddev/artifacts/neoforge-21.11.38-beta.jar > mixinextras-neoforge-0.5.0.jar)]
[282月2026 13:56:59.868] [main/DEBUG] [mixin/]: Processing inject() for PlatformAgent[MixinPlatformAgentDefault:composite(filtered(jar(E:/DowLoad/Just-Player-Heads-1.21.1/OneHeart/build/moddev/artifacts/neoforge-21.11.38-beta.jar))) > jar(E:/DowLoad/Just-Player-Heads-1.21.1/OneHeart/build/moddev/artifacts/neoforge-21.11.38-beta.jar > mixinextras-neoforge-0.5.0.jar)]
[282月2026 13:56:59.876] [main/DEBUG] [mixin/]: Preparing mixins for MixinEnvironment[DEFAULT]
[282月2026 13:56:59.878] [main/DEBUG] [mixin/]: Selecting config mixins.oneheart.json
[282月2026 13:56:59.892] [main/DEBUG] [mixin/]: Selecting config neoforge.mixins.json
[282月2026 13:56:59.893] [main/DEBUG] [mixin/]: Selecting config mixinextras.init.mixins.json
[282月2026 13:56:59.989] [main/DEBUG] [MixinExtras|Service/]: com.llamalad7.mixinextras.service.MixinExtrasServiceImpl(version=0.5.0) is taking over from null
[282月2026 13:57:00.028] [main/DEBUG] [mixin/]: Registering new injector for @Inject with org.spongepowered.asm.mixin.injection.struct.CallbackInjectionInfo
[282月2026 13:57:00.030] [main/DEBUG] [mixin/]: Registering new injector for @ModifyArg with org.spongepowered.asm.mixin.injection.struct.ModifyArgInjectionInfo
[282月2026 13:57:00.031] [main/DEBUG] [mixin/]: Registering new injector for @ModifyArgs with org.spongepowered.asm.mixin.injection.struct.ModifyArgsInjectionInfo
[282月2026 13:57:00.033] [main/DEBUG] [mixin/]: Registering new injector for @Redirect with org.spongepowered.asm.mixin.injection.struct.RedirectInjectionInfo
[282月2026 13:57:00.034] [main/DEBUG] [mixin/]: Registering new injector for @ModifyVariable with org.spongepowered.asm.mixin.injection.struct.ModifyVariableInjectionInfo
[282月2026 13:57:00.035] [main/DEBUG] [mixin/]: Registering new injector for @ModifyConstant with org.spongepowered.asm.mixin.injection.struct.ModifyConstantInjectionInfo
[282月2026 13:57:00.045] [main/DEBUG] [mixin/]: Preparing mixins.oneheart.json (1)
[282月2026 13:57:00.081] [main/DEBUG] [mixin/]: Preparing neoforge.mixins.json (2)
[282月2026 13:57:00.108] [main/DEBUG] [mixin/]: Preparing mixinextras.init.mixins.json (0)
[282月2026 13:57:00.308] [main/DEBUG] [io.netty.util.internal.logging.InternalLoggerFactory/]: Using SLF4J as the default logging framework
[282月2026 13:57:00.310] [main/DEBUG] [io.netty.util.ResourceLeakDetector/]: -Dio.netty.leakDetection.level: simple
[282月2026 13:57:00.310] [main/DEBUG] [io.netty.util.ResourceLeakDetector/]: -Dio.netty.leakDetection.targetRecords: 4
[282月2026 13:57:01.467] [Datafixer Bootstrap/INFO] [com.mojang.datafixers.DataFixerBuilder/]: 290 Datafixer optimizations took 567 milliseconds
[282月2026 13:57:01.645] [pool-8-thread-1/INFO] [MixinExtras|Service/]: Initializing MixinExtras via com.llamalad7.mixinextras.service.MixinExtrasServiceImpl(version=0.5.0).
[282月2026 13:57:01.647] [pool-8-thread-1/DEBUG] [mixin/]: Registering new injector for @SugarWrapper with com.llamalad7.mixinextras.sugar.impl.SugarWrapperInjectionInfo
[282月2026 13:57:01.649] [pool-8-thread-1/DEBUG] [mixin/]: Registering new injector for @FactoryRedirectWrapper with com.llamalad7.mixinextras.wrapper.factory.FactoryRedirectWrapperInjectionInfo
[282月2026 13:57:01.650] [pool-8-thread-1/DEBUG] [mixin/]: Registering new injector for @ExpressionInjectorWrapper with com.llamalad7.mixinextras.expression.impl.wrapper.ExpressionInjectorWrapperInjectionInfo
[282月2026 13:57:01.665] [pool-8-thread-1/DEBUG] [mixin/]: Mixing MappedRegistryAccessor from neoforge.mixins.json into net.minecraft.core.MappedRegistry
[282月2026 13:57:02.707] [pool-8-thread-1/DEBUG] [mixin/]: Mixing BlockEntityTypeAccessor from neoforge.mixins.json into net.minecraft.world.level.block.entity.BlockEntityType
[282月2026 13:57:06.177] [pool-8-thread-1/DEBUG] [mixin/]: Mixing OreFeatures from mixins.oneheart.json into net.minecraft.world.level.levelgen.feature.OreFeature
[282月2026 13:57:07.653] [main/WARN] [net.minecraft.commands.Commands/]: Ambiguity between arguments [teleport, location] and [teleport, destination] with inputs: [0.1 -0.5 .9, 0 0 0]
[282月2026 13:57:07.655] [main/WARN] [net.minecraft.commands.Commands/]: Ambiguity between arguments [teleport, location] and [teleport, targets] with inputs: [0.1 -0.5 .9, 0 0 0]
[282月2026 13:57:07.658] [main/WARN] [net.minecraft.commands.Commands/]: Ambiguity between arguments [teleport, destination] and [teleport, targets] with inputs: [Player, 0123, @e, dd12be42-52a9-4a91-a8a1-11c01849e498]
[282月2026 13:57:07.659] [main/WARN] [net.minecraft.commands.Commands/]: Ambiguity between arguments [teleport, targets] and [teleport, destination] with inputs: [Player, 0123, dd12be42-52a9-4a91-a8a1-11c01849e498]
[282月2026 13:57:07.661] [main/WARN] [net.minecraft.commands.Commands/]: Ambiguity between arguments [teleport, targets, location] and [teleport, targets, destination] with inputs: [0.1 -0.5 .9, 0 0 0]
[282月2026 13:57:07.674] [main/WARN] [net.minecraft.commands.Commands/]: Ambiguity between arguments [waypoint, modify, waypoint, color, reset] and [waypoint, modify, waypoint, color, color] with inputs: [reset]
[282月2026 13:57:07.720] [main/DEBUG] [net.neoforged.fml.ModWorkManager/LOADING]: Using 24 threads for parallel mod-loading
[282月2026 13:57:07.732] [main/DEBUG] [net.neoforged.fml.javafmlmod.FMLModContainer/LOADING]: Creating FMLModContainer instance for ore_features with entrypoints [spite.oneheart.OreFeaturesMain, spite.oneheart.OreSpawnConfusion]
[282月2026 13:57:07.736] [main/DEBUG] [net.neoforged.fml.javafmlmod.FMLModContainer/LOADING]: Creating FMLModContainer instance for neoforge with entrypoints [net.neoforged.neoforge.common.NeoForgeMod, net.neoforged.neoforge.common.OnlyInWarningsHandler, net.neoforged.neoforge.client.ClientNeoForgeMod]
[282月2026 13:57:07.762] [modloading-worker-0/INFO] [net.neoforged.neoforge.common.NeoForgeMod/NEOFORGE-MOD]: NeoForge mod loading, version 21.11.38-beta, for MC 1.21.11
[282月2026 13:57:07.762] [modloading-worker-0/DEBUG] [net.neoforged.fml.config.ConfigTracker/CONFIG]: Config file ore_features-common.toml for ore_features tracking
[282月2026 13:57:07.763] [modloading-worker-0/DEBUG] [net.neoforged.fml.javafmlmod.AutomaticEventSubscriber/LOADING]: Attempting to inject @EventBusSubscriber classes into the eventbus for ore_features
[282月2026 13:57:07.778] [modloading-worker-0/DEBUG] [net.neoforged.fml.config.ConfigTracker/CONFIG]: Config file neoforge-server.toml for neoforge tracking
[282月2026 13:57:07.780] [modloading-worker-0/DEBUG] [net.neoforged.fml.config.ConfigTracker/CONFIG]: Config file neoforge-common.toml for neoforge tracking
[282月2026 13:57:07.843] [modloading-worker-0/DEBUG] [net.neoforged.fml.config.ConfigTracker/CONFIG]: Config file neoforge-client.toml for neoforge tracking
[282月2026 13:57:07.861] [modloading-worker-0/DEBUG] [net.neoforged.fml.javafmlmod.AutomaticEventSubscriber/LOADING]: Attempting to inject @EventBusSubscriber classes into the eventbus for neoforge
[282月2026 13:57:07.862] [modloading-worker-0/DEBUG] [net.neoforged.fml.javafmlmod.AutomaticEventSubscriber/LOADING]: Scanning class net.neoforged.neoforge.attachment.AttachmentInternals for @SubscribeEvent-annotated methods
[282月2026 13:57:07.863] [modloading-worker-0/DEBUG] [net.neoforged.fml.javafmlmod.AutomaticEventSubscriber/LOADING]: Subscribing method public static void net.neoforged.neoforge.attachment.AttachmentInternals.onPlayerClone(net.neoforged.neoforge.event.entity.player.PlayerEvent$Clone) to the game event bus
[282月2026 13:57:07.864] [modloading-worker-0/DEBUG] [net.neoforged.fml.javafmlmod.AutomaticEventSubscriber/LOADING]: Subscribing method public static void net.neoforged.neoforge.attachment.AttachmentInternals.onLivingConvert(net.neoforged.neoforge.event.entity.living.LivingConversionEvent$Post) to the game event bus
[282月2026 13:57:07.865] [modloading-worker-0/DEBUG] [net.neoforged.fml.javafmlmod.AutomaticEventSubscriber/LOADING]: Scanning class net.neoforged.neoforge.attachment.AttachmentSync for @SubscribeEvent-annotated methods
[282月2026 13:57:07.867] [modloading-worker-0/DEBUG] [net.neoforged.fml.javafmlmod.AutomaticEventSubscriber/LOADING]: Subscribing method public static void net.neoforged.neoforge.attachment.AttachmentSync.onChunkSent(net.neoforged.neoforge.event.level.ChunkWatchEvent$Sent) to the game event bus
[282月2026 13:57:07.867] [modloading-worker-0/DEBUG] [net.neoforged.fml.javafmlmod.AutomaticEventSubscriber/LOADING]: Scanning class net.neoforged.neoforge.client.BlockEntityRenderBoundsDebugRenderer for @SubscribeEvent-annotated methods
[282月2026 13:57:07.869] [modloading-worker-0/DEBUG] [net.neoforged.fml.javafmlmod.AutomaticEventSubscriber/LOADING]: Subscribing method public static void net.neoforged.neoforge.client.BlockEntityRenderBoundsDebugRenderer.onRegisterClientCommands(net.neoforged.neoforge.client.event.RegisterClientCommandsEvent) to the game event bus
[282月2026 13:57:07.870] [modloading-worker-0/DEBUG] [net.neoforged.fml.javafmlmod.AutomaticEventSubscriber/LOADING]: Subscribing method public static void net.neoforged.neoforge.client.BlockEntityRenderBoundsDebugRenderer.onExtractLevelRenderState(net.neoforged.neoforge.client.event.ExtractLevelRenderStateEvent) to the game event bus
[282月2026 13:57:07.870] [modloading-worker-0/DEBUG] [net.neoforged.fml.javafmlmod.AutomaticEventSubscriber/LOADING]: Subscribing method public static void net.neoforged.neoforge.client.BlockEntityRenderBoundsDebugRenderer.onRenderLevelStage(net.neoforged.neoforge.client.event.RenderLevelStageEvent$AfterEntities) to the game event bus
[282月2026 13:57:07.870] [modloading-worker-0/DEBUG] [net.neoforged.fml.javafmlmod.AutomaticEventSubscriber/LOADING]: Scanning class net.neoforged.neoforge.client.NeoForgeRenderPipelines for @SubscribeEvent-annotated methods
[282月2026 13:57:07.890] [modloading-worker-0/DEBUG] [net.neoforged.fml.javafmlmod.AutomaticEventSubscriber/LOADING]: Subscribing method static void net.neoforged.neoforge.client.NeoForgeRenderPipelines.registerPipelines(net.neoforged.neoforge.client.event.RegisterRenderPipelinesEvent) to the event bus of mod neoforge
[282月2026 13:57:07.891] [modloading-worker-0/DEBUG] [net.neoforged.fml.javafmlmod.AutomaticEventSubscriber/LOADING]: Scanning class net.neoforged.neoforge.client.network.ClientPayloadHandler for @SubscribeEvent-annotated methods
[282月2026 13:57:07.900] [modloading-worker-0/DEBUG] [net.neoforged.fml.javafmlmod.AutomaticEventSubscriber/LOADING]: Subscribing method private static void net.neoforged.neoforge.client.network.ClientPayloadHandler.register(net.neoforged.neoforge.client.network.event.RegisterClientPayloadHandlersEvent) to the event bus of mod neoforge
[282月2026 13:57:07.901] [modloading-worker-0/DEBUG] [net.neoforged.fml.javafmlmod.AutomaticEventSubscriber/LOADING]: Scanning class net.neoforged.neoforge.common.MonsterRoomHooks for @SubscribeEvent-annotated methods
[282月2026 13:57:07.903] [modloading-worker-0/DEBUG] [net.neoforged.fml.javafmlmod.AutomaticEventSubscriber/LOADING]: Subscribing method public static void net.neoforged.neoforge.common.MonsterRoomHooks.onDataMapsUpdated(net.neoforged.neoforge.registries.datamaps.DataMapsUpdatedEvent) to the game event bus
[282月2026 13:57:07.903] [modloading-worker-0/DEBUG] [net.neoforged.fml.javafmlmod.AutomaticEventSubscriber/LOADING]: Scanning class net.neoforged.neoforge.model.data.ModelDataManager for @SubscribeEvent-annotated methods
[282月2026 13:57:07.904] [modloading-worker-0/DEBUG] [net.neoforged.fml.javafmlmod.AutomaticEventSubscriber/LOADING]: Subscribing method public static void net.neoforged.neoforge.model.data.ModelDataManager.onChunkUnload(net.neoforged.neoforge.event.level.ChunkEvent$Unload) to the game event bus
[282月2026 13:57:07.905] [modloading-worker-0/DEBUG] [net.neoforged.fml.javafmlmod.AutomaticEventSubscriber/LOADING]: Scanning class net.neoforged.neoforge.network.ConfigurationInitialization for @SubscribeEvent-annotated methods
[282月2026 13:57:07.908] [modloading-worker-0/DEBUG] [net.neoforged.fml.javafmlmod.AutomaticEventSubscriber/LOADING]: Subscribing method private static void net.neoforged.neoforge.network.ConfigurationInitialization.configureModdedClient(net.neoforged.neoforge.network.event.RegisterConfigurationTasksEvent) to the event bus of mod neoforge
[282月2026 13:57:07.909] [modloading-worker-0/DEBUG] [net.neoforged.fml.javafmlmod.AutomaticEventSubscriber/LOADING]: Scanning class net.neoforged.neoforge.network.NetworkInitialization for @SubscribeEvent-annotated methods
[282月2026 13:57:07.910] [modloading-worker-0/DEBUG] [net.neoforged.fml.javafmlmod.AutomaticEventSubscriber/LOADING]: Subscribing method private static void net.neoforged.neoforge.network.NetworkInitialization.register(net.neoforged.neoforge.network.event.RegisterPayloadHandlersEvent) to the event bus of mod neoforge
[282月2026 13:57:07.910] [modloading-worker-0/DEBUG] [net.neoforged.fml.javafmlmod.AutomaticEventSubscriber/LOADING]: Scanning class net.neoforged.neoforge.network.filters.GenericPacketSplitter for @SubscribeEvent-annotated methods
[282月2026 13:57:07.930] [modloading-worker-0/DEBUG] [io.netty.util.internal.PlatformDependent0/]: Java version: 21
[282月2026 13:57:07.930] [modloading-worker-0/DEBUG] [io.netty.util.internal.PlatformDependent0/]: -Dio.netty.noUnsafe: false
[282月2026 13:57:07.931] [modloading-worker-0/DEBUG] [io.netty.util.internal.PlatformDependent0/]: sun.misc.Unsafe.theUnsafe: available
[282月2026 13:57:07.932] [modloading-worker-0/DEBUG] [io.netty.util.internal.PlatformDependent0/]: sun.misc.Unsafe base methods: all available
[282月2026 13:57:07.932] [modloading-worker-0/DEBUG] [io.netty.util.internal.PlatformDependent0/]: java.nio.Buffer.address: available
[282月2026 13:57:07.933] [modloading-worker-0/DEBUG] [io.netty.util.internal.PlatformDependent0/]: direct buffer constructor: unavailable: Reflective setAccessible(true) disabled
[282月2026 13:57:07.934] [modloading-worker-0/DEBUG] [io.netty.util.internal.PlatformDependent0/]: java.nio.Bits.unaligned: available, true
[282月2026 13:57:07.935] [modloading-worker-0/DEBUG] [io.netty.util.internal.PlatformDependent0/]: jdk.internal.misc.Unsafe.allocateUninitializedArray(int): unavailable: symbolic reference class is not accessible: class jdk.internal.misc.Unsafe, from class io.netty.util.internal.PlatformDependent0 (unnamed module @7a52f2a2)
[282月2026 13:57:07.936] [modloading-worker-0/DEBUG] [io.netty.util.internal.PlatformDependent0/]: java.nio.DirectByteBuffer.<init>(long, {int,long}): unavailable
[282月2026 13:57:07.936] [modloading-worker-0/DEBUG] [io.netty.util.internal.PlatformDependent/]: sun.misc.Unsafe: available
[282月2026 13:57:07.936] [modloading-worker-0/DEBUG] [io.netty.util.internal.PlatformDependent/]: -Dio.netty.tmpdir: C:\Users\24292\AppData\Local\Temp (java.io.tmpdir)
[282月2026 13:57:07.936] [modloading-worker-0/DEBUG] [io.netty.util.internal.PlatformDependent/]: -Dio.netty.bitMode: 64 (sun.arch.data.model)
[282月2026 13:57:07.936] [modloading-worker-0/DEBUG] [io.netty.util.internal.PlatformDependent/]: Platform: Windows
[282月2026 13:57:07.936] [modloading-worker-0/DEBUG] [io.netty.util.internal.PlatformDependent/]: -Dio.netty.maxDirectMemory: -1 bytes
[282月2026 13:57:07.938] [modloading-worker-0/DEBUG] [io.netty.util.internal.CleanerJava9/]: java.nio.ByteBuffer.cleaner(): available
[282月2026 13:57:07.938] [modloading-worker-0/DEBUG] [io.netty.util.internal.PlatformDependent/]: -Dio.netty.noPreferDirect: false
[282月2026 13:57:07.939] [modloading-worker-0/DEBUG] [io.netty.util.internal.PlatformDependent/]: -Dio.netty.jfr.enabled: true
[282月2026 13:57:07.946] [modloading-worker-0/DEBUG] [io.netty.buffer.AbstractByteBuf/]: -Dio.netty.buffer.checkAccessible: true
[282月2026 13:57:07.946] [modloading-worker-0/DEBUG] [io.netty.buffer.AbstractByteBuf/]: -Dio.netty.buffer.checkBounds: true
[282月2026 13:57:07.947] [modloading-worker-0/DEBUG] [io.netty.util.ResourceLeakDetectorFactory/]: Loaded default ResourceLeakDetector: io.netty.util.ResourceLeakDetector@75b8dddc
[282月2026 13:57:07.953] [modloading-worker-0/DEBUG] [io.netty.util.internal.InternalThreadLocalMap/]: -Dio.netty.threadLocalMap.stringBuilder.initialSize: 1024
[282月2026 13:57:07.953] [modloading-worker-0/DEBUG] [io.netty.util.internal.InternalThreadLocalMap/]: -Dio.netty.threadLocalMap.stringBuilder.maxSize: 4096
[282月2026 13:57:07.955] [modloading-worker-0/DEBUG] [io.netty.buffer.AdaptiveByteBufAllocator/]: -Dio.netty.allocator.useCachedMagazinesForNonEventLoopThreads: false
[282月2026 13:57:07.965] [modloading-worker-0/DEBUG] [io.netty.util.Recycler/]: -Dio.netty.recycler.maxCapacityPerThread: 4096
[282月2026 13:57:07.965] [modloading-worker-0/DEBUG] [io.netty.util.Recycler/]: -Dio.netty.recycler.ratio: 8
[282月2026 13:57:07.965] [modloading-worker-0/DEBUG] [io.netty.util.Recycler/]: -Dio.netty.recycler.chunkSize: 32
[282月2026 13:57:07.965] [modloading-worker-0/DEBUG] [io.netty.util.Recycler/]: -Dio.netty.recycler.blocking: false
[282月2026 13:57:07.965] [modloading-worker-0/DEBUG] [io.netty.util.Recycler/]: -Dio.netty.recycler.batchFastThreadLocalOnly: true
[282月2026 13:57:07.971] [modloading-worker-0/DEBUG] [io.netty.buffer.ByteBufUtil/]: -Dio.netty.allocator.type: adaptive
[282月2026 13:57:07.971] [modloading-worker-0/DEBUG] [io.netty.buffer.ByteBufUtil/]: -Dio.netty.threadLocalDirectBufferSize: 0
[282月2026 13:57:07.971] [modloading-worker-0/DEBUG] [io.netty.buffer.ByteBufUtil/]: -Dio.netty.maxThreadLocalCharBufferSize: 16384
[282月2026 13:57:07.976] [modloading-worker-0/DEBUG] [net.neoforged.fml.javafmlmod.AutomaticEventSubscriber/LOADING]: Subscribing method private static void net.neoforged.neoforge.network.filters.GenericPacketSplitter.register(net.neoforged.neoforge.network.event.RegisterPayloadHandlersEvent) to the event bus of mod neoforge
[282月2026 13:57:08.148] [modloading-sync-worker/DEBUG] [net.neoforged.fml.config.ConfigTracker/CONFIG]: Loading configs type CLIENT
[282月2026 13:57:08.170] [modloading-sync-worker/DEBUG] [net.neoforged.neoforge.common.NeoForgeMod/FORGEMOD]: Loaded NeoForge config file neoforge-client.toml
[282月2026 13:57:08.171] [modloading-sync-worker/DEBUG] [net.neoforged.fml.config.ConfigTracker/CONFIG]: Loaded TOML config file E:\DowLoad\Just-Player-Heads-1.21.1\OneHeart\run\config\neoforge-client.toml
[282月2026 13:57:08.177] [modloading-sync-worker/DEBUG] [net.neoforged.fml.config.ConfigTracker/CONFIG]: Watching TOML config file E:\DowLoad\Just-Player-Heads-1.21.1\OneHeart\run\config\neoforge-client.toml for changes
[282月2026 13:57:08.177] [modloading-sync-worker/DEBUG] [net.neoforged.fml.config.ConfigTracker/CONFIG]: Loading configs type COMMON
[282月2026 13:57:08.185] [modloading-sync-worker/DEBUG] [net.neoforged.fml.config.ConfigTracker/CONFIG]: Loaded TOML config file E:\DowLoad\Just-Player-Heads-1.21.1\OneHeart\run\config\ore_features-common.toml
[282月2026 13:57:08.186] [modloading-sync-worker/DEBUG] [net.neoforged.fml.config.ConfigTracker/CONFIG]: Watching TOML config file E:\DowLoad\Just-Player-Heads-1.21.1\OneHeart\run\config\ore_features-common.toml for changes
[282月2026 13:57:08.187] [modloading-sync-worker/DEBUG] [net.neoforged.neoforge.common.NeoForgeMod/FORGEMOD]: Loaded NeoForge config file neoforge-common.toml
[282月2026 13:57:08.187] [modloading-sync-worker/DEBUG] [net.neoforged.fml.config.ConfigTracker/CONFIG]: Loaded TOML config file E:\DowLoad\Just-Player-Heads-1.21.1\OneHeart\run\config\neoforge-common.toml
[282月2026 13:57:08.188] [modloading-sync-worker/DEBUG] [net.neoforged.fml.config.ConfigTracker/CONFIG]: Watching TOML config file E:\DowLoad\Just-Player-Heads-1.21.1\OneHeart\run\config\neoforge-common.toml for changes
[282月2026 13:57:08.364] [Render thread/INFO] [com.mojang.authlib.yggdrasil.YggdrasilAuthenticationService/]: Environment: Environment[sessionHost=https://sessionserver.mojang.com, servicesHost=https://api.minecraftservices.com, profilesHost=https://api.mojang.com, name=PROD]
[282月2026 13:57:08.384] [Render thread/INFO] [net.minecraft.client.Minecraft/]: Setting user: Dev
[282月2026 13:57:08.477] [Render thread/INFO] [net.minecraft.client.Minecraft/]: Backend library: LWJGL version 3.3.3+5
[282月2026 13:57:08.690] [Render thread/INFO] [net.minecraft.client.Minecraft/]: Using optional rendering extensions: GL_ARB_buffer_storage, GL_KHR_debug, GL_ARB_vertex_attrib_binding, GL_ARB_direct_state_access, GL_EXT_texture_filter_anisotropic
[282月2026 13:57:09.463] [Render thread/INFO] [net.minecraft.server.packs.resources.ReloadableResourceManager/]: Reloading ResourceManager: vanilla, mod_resources, mod/ore_features, mod/neoforge
[282月2026 13:57:09.941] [Render thread/DEBUG] [net.neoforged.fml.DeferredWorkQueue/LOADING]: Dispatching synchronous work for work queue Common setup: 1 jobs
[282月2026 13:57:09.952] [Render thread/DEBUG] [net.neoforged.fml.DeferredWorkQueue/LOADING]: Synchronous work queue completed in 8.577 ms
[282月2026 13:57:09.954] [resourceLoad/INFO] [net.minecraft.client.gui.font.providers.UnihexProvider/]: Found unifont_pua-17.0.01.hex, loading
[282月2026 13:57:09.954] [resourceLoad/INFO] [net.minecraft.client.gui.font.providers.UnihexProvider/]: Found unifont_all_no_pua-17.0.01.hex, loading
[282月2026 13:57:10.016] [resourceLoad/INFO] [net.minecraft.client.gui.font.providers.UnihexProvider/]: Found unifont_jp_patch-17.0.01.hex, loading
[282月2026 13:57:12.381] [Render thread/INFO] [com.mojang.blaze3d.audio.Library/]: OpenAL initialized on device OpenAL Soft on 扬声器 (Realtek(R) Audio)
[282月2026 13:57:12.382] [Render thread/INFO] [net.minecraft.client.sounds.SoundEngine/SOUNDS]: Sound engine started
[282月2026 13:57:12.382] [Render thread/INFO] [net.minecraft.client.renderer.texture.TextureAtlas/]: Created: 512x256x0 minecraft:textures/atlas/particles.png-atlas
[282月2026 13:57:12.403] [Render thread/INFO] [net.minecraft.client.renderer.texture.TextureAtlas/]: Created: 128x128x0 minecraft:textures/atlas/decorated_pot.png-atlas
[282月2026 13:57:12.405] [Render thread/INFO] [net.minecraft.client.renderer.texture.TextureAtlas/]: Created: 2048x1024x0 minecraft:textures/atlas/armor_trims.png-atlas
[282月2026 13:57:12.420] [Render thread/INFO] [net.minecraft.client.renderer.texture.TextureAtlas/]: Created: 512x256x0 minecraft:textures/atlas/paintings.png-atlas
[282月2026 13:57:12.432] [Render thread/INFO] [net.minecraft.client.renderer.texture.TextureAtlas/]: Created: 1024x512x0 minecraft:textures/atlas/shield_patterns.png-atlas
[282月2026 13:57:12.434] [Render thread/INFO] [net.minecraft.client.renderer.texture.TextureAtlas/]: Created: 2048x2048x4 minecraft:textures/atlas/blocks.png-atlas
[282月2026 13:57:12.509] [Render thread/INFO] [net.minecraft.client.renderer.texture.TextureAtlas/]: Created: 512x512x0 minecraft:textures/atlas/chest.png-atlas
[282月2026 13:57:12.518] [Render thread/INFO] [net.minecraft.client.renderer.texture.TextureAtlas/]: Created: 256x128x0 minecraft:textures/atlas/celestials.png-atlas
[282月2026 13:57:12.519] [Render thread/INFO] [net.minecraft.client.renderer.texture.TextureAtlas/]: Created: 1024x512x0 minecraft:textures/atlas/banner_patterns.png-atlas
[282月2026 13:57:12.522] [Render thread/INFO] [net.minecraft.client.renderer.texture.TextureAtlas/]: Created: 512x512x0 minecraft:textures/atlas/beds.png-atlas
[282月2026 13:57:12.524] [Render thread/INFO] [net.minecraft.client.renderer.texture.TextureAtlas/]: Created: 1024x512x0 minecraft:textures/atlas/items.png-atlas
[282月2026 13:57:12.542] [Render thread/INFO] [net.minecraft.client.renderer.texture.TextureAtlas/]: Created: 1024x1024x0 minecraft:textures/atlas/gui.png-atlas
[282月2026 13:57:12.558] [Render thread/INFO] [net.minecraft.client.renderer.texture.TextureAtlas/]: Created: 128x64x0 minecraft:textures/atlas/map_decorations.png-atlas
[282月2026 13:57:12.565] [Render thread/INFO] [net.minecraft.client.renderer.texture.TextureAtlas/]: Created: 512x256x0 minecraft:textures/atlas/signs.png-atlas
[282月2026 13:57:12.567] [Render thread/INFO] [net.minecraft.client.renderer.texture.TextureAtlas/]: Created: 512x512x0 minecraft:textures/atlas/shulker_boxes.png-atlas
[282月2026 13:57:12.687] [Render thread/INFO] [net.neoforged.neoforge.client.entity.animation.json.AnimationLoader/]: Loaded 0 entity animations
[282月2026 13:57:12.894] [Render thread/DEBUG] [net.neoforged.fml.classloading.transformation.ClassTransformStatistics/]: Transformed/total loaded classes: 383/7152 (5.36%) and 19 parsed for mixin
[282月2026 13:57:36.745] [Render thread/DEBUG] [net.neoforged.fml.classloading.transformation.ClassTransformStatistics/]: Transformed/total loaded classes: 383/7209 (5.31%) and 19 parsed for mixin
[282月2026 13:57:36.746] [Render thread/INFO] [net.minecraft.client.Minecraft/]: Stopping!
